<?xml version="1.0" encoding="UTF-8"?>
<!-- Generated by org.testng.reporters.JUnitReportReporter -->
<testsuite skipped="0" hostname="DESKTOP-UKO5G7H" name="Test.NewTest" tests="2" failures="0" timestamp="15 Jul 2020 05:55:57 GMT" time="3.695" errors="0">
  <testcase name="Login" time="0.889" classname="Test.NewTest"/>
  <testcase name="Logout" time="2.806" classname="Test.NewTest"/>
</testsuite> <!-- Test.NewTest -->
